🚀 Upgrading H1/H2 on 1958 pages with local SEO...

  ✓ 100/1958 processed...
  ✓ 200/1958 processed...
  ✓ 300/1958 processed...
  ✓ 400/1958 processed...
  ✓ 500/1958 processed...
  ✓ 600/1958 processed...
  ✓ 700/1958 processed...
  ✓ 800/1958 processed...
  ✓ 900/1958 processed...
  ✓ 1000/1958 processed...
  ✓ 1100/1958 processed...
  ✓ 1200/1958 processed...
  ✓ 1300/1958 processed...
  ✓ 1400/1958 processed...
  ✓ 1500/1958 processed...
  ✓ 1600/1958 processed...
  ✓ 1700/1958 processed...
  ✓ 1800/1958 processed...
  ✓ 1900/1958 processed...

============================================================
✅ H1/H2 upgraded: 1958 / 1958 pages
🏆 Local SEO H1/H2 injection complete!
